[2025-07-30 21:45:10.165] [831] [HailoRT] [info] [device_internal.cpp:57] [configure] Configuring HEF took 108.945945 milliseconds
[2025-07-30 21:45:10.174] [831] [HailoRT] [info] [vdevice.cpp:749] [configure] Configuring HEF on VDevice took 118.762945 milliseconds
[2025-07-30 21:45:10.174] [831] [HailoRT] [info] [infer_model.cpp:436] [configure] Configuring network group 'yolov8m_pose' with params: batch size: 1, power mode: PERFORMANCE, latency: NONE
[2025-07-30 21:45:10.179] [831] [HailoRT] [info] [multi_io_elements.cpp:756] [create] Created (AsyncHwEl)
[2025-07-30 21:45:10.183] [831] [HailoRT] [info] [queue_elements.cpp:450] [create] Created (EntryPushQEl0yolov8m_pose/input_layer1 | timeout: 10s)
[2025-07-30 21:45:10.185] [831] [HailoRT] [info] [queue_elements.cpp:450] [create] Created (PushQEl4AsyncHwEl | timeout: 10s)
[2025-07-30 21:45:10.185] [831] [HailoRT] [info] [filter_elements.cpp:375] [create] Created (PostInferEl4AsyncHwEl | Quantization - src_type: UINT8, dst_type FLOAT32, limvals_min: -5.78603, limvals_max: 12.4293)
[2025-07-30 21:45:10.185] [831] [HailoRT] [info] [edge_elements.cpp:187] [create] Created (LastAsyncEl0PostInferEl4AsyncHwEl)
[2025-07-30 21:45:10.185] [831] [HailoRT] [info] [queue_elements.cpp:450] [create] Created (PushQEl5AsyncHwEl | timeout: 10s)
[2025-07-30 21:45:10.185] [831] [HailoRT] [info] [filter_elements.cpp:375] [create] Created (PostInferEl5AsyncHwEl | Quantization - src_type: UINT16, dst_type FLOAT32, limvals_min: -10.9379, limvals_max: 9.22424 | Reorder - src_order: FCR, src_shape: (40, 40, 56), dst_order: FCR, dst_shape: (40, 40, 51))
[2025-07-30 21:45:10.185] [831] [HailoRT] [info] [edge_elements.cpp:187] [create] Created (LastAsyncEl0PostInferEl5AsyncHwEl)
[2025-07-30 21:45:10.185] [831] [HailoRT] [info] [queue_elements.cpp:450] [create] Created (PushQEl0AsyncHwEl | timeout: 10s)
[2025-07-30 21:45:10.185] [831] [HailoRT] [info] [filter_elements.cpp:375] [create] Created (PostInferEl0AsyncHwEl | Quantization - src_type: UINT8, dst_type FLOAT32, limvals_min: 0, limvals_max: 1)
[2025-07-30 21:45:10.185] [831] [HailoRT] [info] [edge_elements.cpp:187] [create] Created (LastAsyncEl0PostInferEl0AsyncHwEl)
[2025-07-30 21:45:10.189] [831] [HailoRT] [info] [queue_elements.cpp:450] [create] Created (PushQEl1AsyncHwEl | timeout: 10s)
[2025-07-30 21:45:10.189] [831] [HailoRT] [info] [filter_elements.cpp:375] [create] Created (PostInferEl1AsyncHwEl | Quantization - src_type: UINT16, dst_type FLOAT32, limvals_min: -10.3246, limvals_max: 9.13622 | Reorder - src_order: FCR, src_shape: (20, 20, 56), dst_order: FCR, dst_shape: (20, 20, 51))
[2025-07-30 21:45:10.189] [831] [HailoRT] [info] [edge_elements.cpp:187] [create] Created (LastAsyncEl0PostInferEl1AsyncHwEl)
[2025-07-30 21:45:10.189] [831] [HailoRT] [info] [queue_elements.cpp:450] [create] Created (PushQEl2AsyncHwEl | timeout: 10s)
[2025-07-30 21:45:10.189] [831] [HailoRT] [info] [filter_elements.cpp:375] [create] Created (PostInferEl2AsyncHwEl | Quantization - src_type: UINT8, dst_type FLOAT32, limvals_min: -7.00631, limvals_max: 13.5294)
[2025-07-30 21:45:10.189] [831] [HailoRT] [info] [edge_elements.cpp:187] [create] Created (LastAsyncEl0PostInferEl2AsyncHwEl)
[2025-07-30 21:45:10.189] [831] [HailoRT] [info] [queue_elements.cpp:450] [create] Created (PushQEl3AsyncHwEl | timeout: 10s)
[2025-07-30 21:45:10.189] [831] [HailoRT] [info] [filter_elements.cpp:375] [create] Created (PostInferEl3AsyncHwEl | Quantization - src_type: UINT8, dst_type FLOAT32, limvals_min: 0, limvals_max: 1)
[2025-07-30 21:45:10.216] [831] [HailoRT] [info] [edge_elements.cpp:187] [create] Created (LastAsyncEl0PostInferEl3AsyncHwEl)
[2025-07-30 21:45:10.217] [831] [HailoRT] [info] [queue_elements.cpp:450] [create] Created (PushQEl8AsyncHwEl | timeout: 10s)
[2025-07-30 21:45:10.217] [831] [HailoRT] [info] [filter_elements.cpp:375] [create] Created (PostInferEl8AsyncHwEl | Quantization - src_type: UINT8, dst_type FLOAT32, limvals_min: -5.99066, limvals_max: 14.9356)
[2025-07-30 21:45:10.217] [831] [HailoRT] [info] [edge_elements.cpp:187] [create] Created (LastAsyncEl0PostInferEl8AsyncHwEl)
[2025-07-30 21:45:10.217] [831] [HailoRT] [info] [queue_elements.cpp:450] [create] Created (PushQEl6AsyncHwEl | timeout: 10s)
[2025-07-30 21:45:10.217] [831] [HailoRT] [info] [filter_elements.cpp:375] [create] Created (PostInferEl6AsyncHwEl | Quantization - src_type: UINT8, dst_type FLOAT32, limvals_min: 0, limvals_max: 1)
[2025-07-30 21:45:10.217] [831] [HailoRT] [info] [edge_elements.cpp:187] [create] Created (LastAsyncEl0PostInferEl6AsyncHwEl)
[2025-07-30 21:45:10.218] [831] [HailoRT] [info] [queue_elements.cpp:450] [create] Created (PushQEl7AsyncHwEl | timeout: 10s)
[2025-07-30 21:45:10.218] [831] [HailoRT] [info] [filter_elements.cpp:375] [create] Created (PostInferEl7AsyncHwEl | Quantization - src_type: UINT16, dst_type FLOAT32, limvals_min: -9.28198, limvals_max: 6.23313 | Reorder - src_order: FCR, src_shape: (80, 80, 56), dst_order: FCR, dst_shape: (80, 80, 51))
[2025-07-30 21:45:10.218] [831] [HailoRT] [info] [edge_elements.cpp:187] [create] Created (LastAsyncEl0PostInferEl7AsyncHwEl)
[2025-07-30 21:45:10.218] [831] [HailoRT] [info] [pipeline.cpp:891] [print_deep_description] EntryPushQEl0yolov8m_pose/input_layer1 | inputs: user | outputs: AsyncHwEl(running in thread_id: 1765)
[2025-07-30 21:45:10.218] [831] [HailoRT] [info] [pipeline.cpp:891] [print_deep_description] AsyncHwEl | inputs: EntryPushQEl0yolov8m_pose/input_layer1[0] | outputs: PushQEl0AsyncHwEl PushQEl1AsyncHwEl PushQEl2AsyncHwEl PushQEl3AsyncHwEl PushQEl4AsyncHwEl PushQEl5AsyncHwEl PushQEl6AsyncHwEl PushQEl7AsyncHwEl PushQEl8AsyncHwEl
[2025-07-30 21:45:10.219] [831] [HailoRT] [info] [pipeline.cpp:891] [print_deep_description] PushQEl0AsyncHwEl | inputs: AsyncHwEl[0] | outputs: PostInferEl0AsyncHwEl(running in thread_id: 1772)
[2025-07-30 21:45:10.219] [831] [HailoRT] [info] [pipeline.cpp:891] [print_deep_description] PostInferEl0AsyncHwEl | inputs: PushQEl0AsyncHwEl[0] | outputs: LastAsyncEl0PostInferEl0AsyncHwEl
[2025-07-30 21:45:10.219] [831] [HailoRT] [info] [pipeline.cpp:891] [print_deep_description] LastAsyncEl0PostInferEl0AsyncHwEl | inputs: PostInferEl0AsyncHwEl[0] | outputs: user
[2025-07-30 21:45:10.219] [831] [HailoRT] [info] [pipeline.cpp:891] [print_deep_description] PushQEl1AsyncHwEl | inputs: AsyncHwEl[0] | outputs: PostInferEl1AsyncHwEl(running in thread_id: 1774)
[2025-07-30 21:45:10.219] [831] [HailoRT] [info] [pipeline.cpp:891] [print_deep_description] PostInferEl1AsyncHwEl | inputs: PushQEl1AsyncHwEl[0] | outputs: LastAsyncEl0PostInferEl1AsyncHwEl
[2025-07-30 21:45:10.219] [831] [HailoRT] [info] [pipeline.cpp:891] [print_deep_description] LastAsyncEl0PostInferEl1AsyncHwEl | inputs: PostInferEl1AsyncHwEl[0] | outputs: user
[2025-07-30 21:45:10.219] [831] [HailoRT] [info] [pipeline.cpp:891] [print_deep_description] PushQEl2AsyncHwEl | inputs: AsyncHwEl[0] | outputs: PostInferEl2AsyncHwEl(running in thread_id: 1775)
[2025-07-30 21:45:10.219] [831] [HailoRT] [info] [pipeline.cpp:891] [print_deep_description] PostInferEl2AsyncHwEl | inputs: PushQEl2AsyncHwEl[0] | outputs: LastAsyncEl0PostInferEl2AsyncHwEl
[2025-07-30 21:45:10.219] [831] [HailoRT] [info] [pipeline.cpp:891] [print_deep_description] LastAsyncEl0PostInferEl2AsyncHwEl | inputs: PostInferEl2AsyncHwEl[0] | outputs: user
[2025-07-30 21:45:10.219] [831] [HailoRT] [info] [pipeline.cpp:891] [print_deep_description] PushQEl3AsyncHwEl | inputs: AsyncHwEl[0] | outputs: PostInferEl3AsyncHwEl(running in thread_id: 1777)
[2025-07-30 21:45:10.219] [831] [HailoRT] [info] [pipeline.cpp:891] [print_deep_description] PostInferEl3AsyncHwEl | inputs: PushQEl3AsyncHwEl[0] | outputs: LastAsyncEl0PostInferEl3AsyncHwEl
[2025-07-30 21:45:10.219] [831] [HailoRT] [info] [pipeline.cpp:891] [print_deep_description] LastAsyncEl0PostInferEl3AsyncHwEl | inputs: PostInferEl3AsyncHwEl[0] | outputs: user
[2025-07-30 21:45:10.219] [831] [HailoRT] [info] [pipeline.cpp:891] [print_deep_description] PushQEl4AsyncHwEl | inputs: AsyncHwEl[0] | outputs: PostInferEl4AsyncHwEl(running in thread_id: 1766)
[2025-07-30 21:45:10.219] [831] [HailoRT] [info] [pipeline.cpp:891] [print_deep_description] PostInferEl4AsyncHwEl | inputs: PushQEl4AsyncHwEl[0] | outputs: LastAsyncEl0PostInferEl4AsyncHwEl
[2025-07-30 21:45:10.219] [831] [HailoRT] [info] [pipeline.cpp:891] [print_deep_description] LastAsyncEl0PostInferEl4AsyncHwEl | inputs: PostInferEl4AsyncHwEl[0] | outputs: user
[2025-07-30 21:45:10.219] [831] [HailoRT] [info] [pipeline.cpp:891] [print_deep_description] PushQEl5AsyncHwEl | inputs: AsyncHwEl[0] | outputs: PostInferEl5AsyncHwEl(running in thread_id: 1770)
[2025-07-30 21:45:10.219] [831] [HailoRT] [info] [pipeline.cpp:891] [print_deep_description] PostInferEl5AsyncHwEl | inputs: PushQEl5AsyncHwEl[0] | outputs: LastAsyncEl0PostInferEl5AsyncHwEl
[2025-07-30 21:45:10.219] [831] [HailoRT] [info] [pipeline.cpp:891] [print_deep_description] LastAsyncEl0PostInferEl5AsyncHwEl | inputs: PostInferEl5AsyncHwEl[0] | outputs: user
[2025-07-30 21:45:10.219] [831] [HailoRT] [info] [pipeline.cpp:891] [print_deep_description] PushQEl6AsyncHwEl | inputs: AsyncHwEl[0] | outputs: PostInferEl6AsyncHwEl(running in thread_id: 1809)
[2025-07-30 21:45:10.219] [831] [HailoRT] [info] [pipeline.cpp:891] [print_deep_description] PostInferEl6AsyncHwEl | inputs: PushQEl6AsyncHwEl[0] | outputs: LastAsyncEl0PostInferEl6AsyncHwEl
[2025-07-30 21:45:10.219] [831] [HailoRT] [info] [pipeline.cpp:891] [print_deep_description] LastAsyncEl0PostInferEl6AsyncHwEl | inputs: PostInferEl6AsyncHwEl[0] | outputs: user
[2025-07-30 21:45:10.219] [831] [HailoRT] [info] [pipeline.cpp:891] [print_deep_description] PushQEl7AsyncHwEl | inputs: AsyncHwEl[0] | outputs: PostInferEl7AsyncHwEl(running in thread_id: 1811)
[2025-07-30 21:45:10.219] [831] [HailoRT] [info] [pipeline.cpp:891] [print_deep_description] PostInferEl7AsyncHwEl | inputs: PushQEl7AsyncHwEl[0] | outputs: LastAsyncEl0PostInferEl7AsyncHwEl
[2025-07-30 21:45:10.219] [831] [HailoRT] [info] [pipeline.cpp:891] [print_deep_description] LastAsyncEl0PostInferEl7AsyncHwEl | inputs: PostInferEl7AsyncHwEl[0] | outputs: user
[2025-07-30 21:45:10.219] [831] [HailoRT] [info] [pipeline.cpp:891] [print_deep_description] PushQEl8AsyncHwEl | inputs: AsyncHwEl[0] | outputs: PostInferEl8AsyncHwEl(running in thread_id: 1805)
[2025-07-30 21:45:10.219] [831] [HailoRT] [info] [pipeline.cpp:891] [print_deep_description] PostInferEl8AsyncHwEl | inputs: PushQEl8AsyncHwEl[0] | outputs: LastAsyncEl0PostInferEl8AsyncHwEl
[2025-07-30 21:45:10.219] [831] [HailoRT] [info] [pipeline.cpp:891] [print_deep_description] LastAsyncEl0PostInferEl8AsyncHwEl | inputs: PostInferEl8AsyncHwEl[0] | outputs: user
[2025-07-30 23:17:55.889] [840] [HailoRT] [info] [vdevice.cpp:523] [create] Creating vdevice with params: device_count: 1, scheduling_algorithm: ROUND_ROBIN, multi_process_service: false
[2025-07-30 23:17:55.921] [840] [HailoRT] [info] [device.cpp:49] [Device] OS Version: Linux 6.12.25+rpt-rpi-2712 #1 SMP PREEMPT Debian 1:6.12.25-1+rpt1 (2025-04-30) aarch64
[2025-07-30 23:17:55.922] [840] [HailoRT] [info] [control.cpp:108] [control__parse_identify_results] firmware_version is: 4.20.0
[2025-07-30 23:17:55.922] [840] [HailoRT] [info] [vdevice.cpp:651] [create] VDevice Infos: 0001:01:00.0
[2025-07-30 23:17:55.955] [840] [HailoRT] [info] [hef.cpp:1929] [get_network_group_and_network_name] No name was given. Addressing all networks of default network_group: yolov8m_pose
[2025-07-30 23:17:55.955] [840] [HailoRT] [info] [hef.cpp:1929] [get_network_group_and_network_name] No name was given. Addressing all networks of default network_group: yolov8m_pose
[2025-07-30 23:17:55.956] [840] [HailoRT] [info] [hef.cpp:1929] [get_network_group_and_network_name] No name was given. Addressing all networks of default network_group: yolov8m_pose
[2025-07-30 23:17:55.956] [840] [HailoRT] [info] [hef.cpp:1929] [get_network_group_and_network_name] No name was given. Addressing all networks of default network_group: yolov8m_pose
[2025-07-30 23:17:55.956] [840] [HailoRT] [info] [hef.cpp:1929] [get_network_group_and_network_name] No name was given. Addressing all networks of default network_group: yolov8m_pose
[2025-07-30 23:17:55.987] [840] [HailoRT] [info] [internal_buffer_manager.cpp:204] [print_execution_results] Planned internal buffer memory: CMA memory 0, user memory 2998784. memory to edge layer usage factor is 0.8297209
[2025-07-30 23:17:55.987] [840] [HailoRT] [info] [internal_buffer_manager.cpp:212] [print_execution_results] Default Internal buffer planner executed successfully
[2025-07-30 23:17:56.018] [840] [HailoRT] [info] [device_internal.cpp:57] [configure] Configuring HEF took 61.88187 milliseconds
[2025-07-30 23:17:56.018] [840] [HailoRT] [info] [vdevice.cpp:749] [configure] Configuring HEF on VDevice took 62.656759 milliseconds
[2025-07-30 23:17:56.018] [840] [HailoRT] [info] [infer_model.cpp:436] [configure] Configuring network group 'yolov8m_pose' with params: batch size: 1, power mode: PERFORMANCE, latency: NONE
[2025-07-30 23:17:56.022] [840] [HailoRT] [info] [multi_io_elements.cpp:756] [create] Created (AsyncHwEl)
[2025-07-30 23:17:56.028] [840] [HailoRT] [info] [queue_elements.cpp:450] [create] Created (EntryPushQEl0yolov8m_pose/input_layer1 | timeout: 10s)
[2025-07-30 23:17:56.028] [840] [HailoRT] [info] [queue_elements.cpp:450] [create] Created (PushQEl4AsyncHwEl | timeout: 10s)
[2025-07-30 23:17:56.028] [840] [HailoRT] [info] [filter_elements.cpp:375] [create] Created (PostInferEl4AsyncHwEl | Quantization - src_type: UINT8, dst_type FLOAT32, limvals_min: -5.78603, limvals_max: 12.4293)
[2025-07-30 23:17:56.028] [840] [HailoRT] [info] [edge_elements.cpp:187] [create] Created (LastAsyncEl0PostInferEl4AsyncHwEl)
[2025-07-30 23:17:56.028] [840] [HailoRT] [info] [queue_elements.cpp:450] [create] Created (PushQEl5AsyncHwEl | timeout: 10s)
[2025-07-30 23:17:56.028] [840] [HailoRT] [info] [filter_elements.cpp:375] [create] Created (PostInferEl5AsyncHwEl | Quantization - src_type: UINT16, dst_type FLOAT32, limvals_min: -10.9379, limvals_max: 9.22424 | Reorder - src_order: FCR, src_shape: (40, 40, 56), dst_order: FCR, dst_shape: (40, 40, 51))
[2025-07-30 23:17:56.028] [840] [HailoRT] [info] [edge_elements.cpp:187] [create] Created (LastAsyncEl0PostInferEl5AsyncHwEl)
[2025-07-30 23:17:56.028] [840] [HailoRT] [info] [queue_elements.cpp:450] [create] Created (PushQEl0AsyncHwEl | timeout: 10s)
[2025-07-30 23:17:56.028] [840] [HailoRT] [info] [filter_elements.cpp:375] [create] Created (PostInferEl0AsyncHwEl | Quantization - src_type: UINT8, dst_type FLOAT32, limvals_min: 0, limvals_max: 1)
[2025-07-30 23:17:56.028] [840] [HailoRT] [info] [edge_elements.cpp:187] [create] Created (LastAsyncEl0PostInferEl0AsyncHwEl)
[2025-07-30 23:17:56.036] [840] [HailoRT] [info] [queue_elements.cpp:450] [create] Created (PushQEl1AsyncHwEl | timeout: 10s)
[2025-07-30 23:17:56.040] [840] [HailoRT] [info] [filter_elements.cpp:375] [create] Created (PostInferEl1AsyncHwEl | Quantization - src_type: UINT16, dst_type FLOAT32, limvals_min: -10.3246, limvals_max: 9.13622 | Reorder - src_order: FCR, src_shape: (20, 20, 56), dst_order: FCR, dst_shape: (20, 20, 51))
[2025-07-30 23:17:56.040] [840] [HailoRT] [info] [edge_elements.cpp:187] [create] Created (LastAsyncEl0PostInferEl1AsyncHwEl)
[2025-07-30 23:17:56.040] [840] [HailoRT] [info] [queue_elements.cpp:450] [create] Created (PushQEl2AsyncHwEl | timeout: 10s)
[2025-07-30 23:17:56.040] [840] [HailoRT] [info] [filter_elements.cpp:375] [create] Created (PostInferEl2AsyncHwEl | Quantization - src_type: UINT8, dst_type FLOAT32, limvals_min: -7.00631, limvals_max: 13.5294)
[2025-07-30 23:17:56.040] [840] [HailoRT] [info] [edge_elements.cpp:187] [create] Created (LastAsyncEl0PostInferEl2AsyncHwEl)
[2025-07-30 23:17:56.040] [840] [HailoRT] [info] [queue_elements.cpp:450] [create] Created (PushQEl3AsyncHwEl | timeout: 10s)
[2025-07-30 23:17:56.040] [840] [HailoRT] [info] [filter_elements.cpp:375] [create] Created (PostInferEl3AsyncHwEl | Quantization - src_type: UINT8, dst_type FLOAT32, limvals_min: 0, limvals_max: 1)
[2025-07-30 23:17:56.064] [840] [HailoRT] [info] [edge_elements.cpp:187] [create] Created (LastAsyncEl0PostInferEl3AsyncHwEl)
[2025-07-30 23:17:56.064] [840] [HailoRT] [info] [queue_elements.cpp:450] [create] Created (PushQEl8AsyncHwEl | timeout: 10s)
[2025-07-30 23:17:56.065] [840] [HailoRT] [info] [filter_elements.cpp:375] [create] Created (PostInferEl8AsyncHwEl | Quantization - src_type: UINT8, dst_type FLOAT32, limvals_min: -5.99066, limvals_max: 14.9356)
[2025-07-30 23:17:56.065] [840] [HailoRT] [info] [edge_elements.cpp:187] [create] Created (LastAsyncEl0PostInferEl8AsyncHwEl)
[2025-07-30 23:17:56.065] [840] [HailoRT] [info] [queue_elements.cpp:450] [create] Created (PushQEl6AsyncHwEl | timeout: 10s)
[2025-07-30 23:17:56.065] [840] [HailoRT] [info] [filter_elements.cpp:375] [create] Created (PostInferEl6AsyncHwEl | Quantization - src_type: UINT8, dst_type FLOAT32, limvals_min: 0, limvals_max: 1)
[2025-07-30 23:17:56.065] [840] [HailoRT] [info] [edge_elements.cpp:187] [create] Created (LastAsyncEl0PostInferEl6AsyncHwEl)
[2025-07-30 23:17:56.065] [840] [HailoRT] [info] [queue_elements.cpp:450] [create] Created (PushQEl7AsyncHwEl | timeout: 10s)
[2025-07-30 23:17:56.065] [840] [HailoRT] [info] [filter_elements.cpp:375] [create] Created (PostInferEl7AsyncHwEl | Quantization - src_type: UINT16, dst_type FLOAT32, limvals_min: -9.28198, limvals_max: 6.23313 | Reorder - src_order: FCR, src_shape: (80, 80, 56), dst_order: FCR, dst_shape: (80, 80, 51))
[2025-07-30 23:17:56.065] [840] [HailoRT] [info] [edge_elements.cpp:187] [create] Created (LastAsyncEl0PostInferEl7AsyncHwEl)
[2025-07-30 23:17:56.065] [840] [HailoRT] [info] [pipeline.cpp:891] [print_deep_description] EntryPushQEl0yolov8m_pose/input_layer1 | inputs: user | outputs: AsyncHwEl(running in thread_id: 1755)
[2025-07-30 23:17:56.066] [840] [HailoRT] [info] [pipeline.cpp:891] [print_deep_description] AsyncHwEl | inputs: EntryPushQEl0yolov8m_pose/input_layer1[0] | outputs: PushQEl0AsyncHwEl PushQEl1AsyncHwEl PushQEl2AsyncHwEl PushQEl3AsyncHwEl PushQEl4AsyncHwEl PushQEl5AsyncHwEl PushQEl6AsyncHwEl PushQEl7AsyncHwEl PushQEl8AsyncHwEl
[2025-07-30 23:17:56.066] [840] [HailoRT] [info] [pipeline.cpp:891] [print_deep_description] PushQEl0AsyncHwEl | inputs: AsyncHwEl[0] | outputs: PostInferEl0AsyncHwEl(running in thread_id: 1758)
[2025-07-30 23:17:56.066] [840] [HailoRT] [info] [pipeline.cpp:891] [print_deep_description] PostInferEl0AsyncHwEl | inputs: PushQEl0AsyncHwEl[0] | outputs: LastAsyncEl0PostInferEl0AsyncHwEl
[2025-07-30 23:17:56.066] [840] [HailoRT] [info] [pipeline.cpp:891] [print_deep_description] LastAsyncEl0PostInferEl0AsyncHwEl | inputs: PostInferEl0AsyncHwEl[0] | outputs: user
[2025-07-30 23:17:56.066] [840] [HailoRT] [info] [pipeline.cpp:891] [print_deep_description] PushQEl1AsyncHwEl | inputs: AsyncHwEl[0] | outputs: PostInferEl1AsyncHwEl(running in thread_id: 1760)
[2025-07-30 23:17:56.066] [840] [HailoRT] [info] [pipeline.cpp:891] [print_deep_description] PostInferEl1AsyncHwEl | inputs: PushQEl1AsyncHwEl[0] | outputs: LastAsyncEl0PostInferEl1AsyncHwEl
[2025-07-30 23:17:56.066] [840] [HailoRT] [info] [pipeline.cpp:891] [print_deep_description] LastAsyncEl0PostInferEl1AsyncHwEl | inputs: PostInferEl1AsyncHwEl[0] | outputs: user
[2025-07-30 23:17:56.066] [840] [HailoRT] [info] [pipeline.cpp:891] [print_deep_description] PushQEl2AsyncHwEl | inputs: AsyncHwEl[0] | outputs: PostInferEl2AsyncHwEl(running in thread_id: 1761)
[2025-07-30 23:17:56.066] [840] [HailoRT] [info] [pipeline.cpp:891] [print_deep_description] PostInferEl2AsyncHwEl | inputs: PushQEl2AsyncHwEl[0] | outputs: LastAsyncEl0PostInferEl2AsyncHwEl
[2025-07-30 23:17:56.066] [840] [HailoRT] [info] [pipeline.cpp:891] [print_deep_description] LastAsyncEl0PostInferEl2AsyncHwEl | inputs: PostInferEl2AsyncHwEl[0] | outputs: user
[2025-07-30 23:17:56.066] [840] [HailoRT] [info] [pipeline.cpp:891] [print_deep_description] PushQEl3AsyncHwEl | inputs: AsyncHwEl[0] | outputs: PostInferEl3AsyncHwEl(running in thread_id: 1762)
[2025-07-30 23:17:56.066] [840] [HailoRT] [info] [pipeline.cpp:891] [print_deep_description] PostInferEl3AsyncHwEl | inputs: PushQEl3AsyncHwEl[0] | outputs: LastAsyncEl0PostInferEl3AsyncHwEl
[2025-07-30 23:17:56.066] [840] [HailoRT] [info] [pipeline.cpp:891] [print_deep_description] LastAsyncEl0PostInferEl3AsyncHwEl | inputs: PostInferEl3AsyncHwEl[0] | outputs: user
[2025-07-30 23:17:56.066] [840] [HailoRT] [info] [pipeline.cpp:891] [print_deep_description] PushQEl4AsyncHwEl | inputs: AsyncHwEl[0] | outputs: PostInferEl4AsyncHwEl(running in thread_id: 1756)
[2025-07-30 23:17:56.066] [840] [HailoRT] [info] [pipeline.cpp:891] [print_deep_description] PostInferEl4AsyncHwEl | inputs: PushQEl4AsyncHwEl[0] | outputs: LastAsyncEl0PostInferEl4AsyncHwEl
[2025-07-30 23:17:56.066] [840] [HailoRT] [info] [pipeline.cpp:891] [print_deep_description] LastAsyncEl0PostInferEl4AsyncHwEl | inputs: PostInferEl4AsyncHwEl[0] | outputs: user
[2025-07-30 23:17:56.066] [840] [HailoRT] [info] [pipeline.cpp:891] [print_deep_description] PushQEl5AsyncHwEl | inputs: AsyncHwEl[0] | outputs: PostInferEl5AsyncHwEl(running in thread_id: 1757)
[2025-07-30 23:17:56.066] [840] [HailoRT] [info] [pipeline.cpp:891] [print_deep_description] PostInferEl5AsyncHwEl | inputs: PushQEl5AsyncHwEl[0] | outputs: LastAsyncEl0PostInferEl5AsyncHwEl
[2025-07-30 23:17:56.066] [840] [HailoRT] [info] [pipeline.cpp:891] [print_deep_description] LastAsyncEl0PostInferEl5AsyncHwEl | inputs: PostInferEl5AsyncHwEl[0] | outputs: user
[2025-07-30 23:17:56.066] [840] [HailoRT] [info] [pipeline.cpp:891] [print_deep_description] PushQEl6AsyncHwEl | inputs: AsyncHwEl[0] | outputs: PostInferEl6AsyncHwEl(running in thread_id: 1766)
[2025-07-30 23:17:56.066] [840] [HailoRT] [info] [pipeline.cpp:891] [print_deep_description] PostInferEl6AsyncHwEl | inputs: PushQEl6AsyncHwEl[0] | outputs: LastAsyncEl0PostInferEl6AsyncHwEl
[2025-07-30 23:17:56.066] [840] [HailoRT] [info] [pipeline.cpp:891] [print_deep_description] LastAsyncEl0PostInferEl6AsyncHwEl | inputs: PostInferEl6AsyncHwEl[0] | outputs: user
[2025-07-30 23:17:56.066] [840] [HailoRT] [info] [pipeline.cpp:891] [print_deep_description] PushQEl7AsyncHwEl | inputs: AsyncHwEl[0] | outputs: PostInferEl7AsyncHwEl(running in thread_id: 1767)
[2025-07-30 23:17:56.066] [840] [HailoRT] [info] [pipeline.cpp:891] [print_deep_description] PostInferEl7AsyncHwEl | inputs: PushQEl7AsyncHwEl[0] | outputs: LastAsyncEl0PostInferEl7AsyncHwEl
[2025-07-30 23:17:56.066] [840] [HailoRT] [info] [pipeline.cpp:891] [print_deep_description] LastAsyncEl0PostInferEl7AsyncHwEl | inputs: PostInferEl7AsyncHwEl[0] | outputs: user
[2025-07-30 23:17:56.066] [840] [HailoRT] [info] [pipeline.cpp:891] [print_deep_description] PushQEl8AsyncHwEl | inputs: AsyncHwEl[0] | outputs: PostInferEl8AsyncHwEl(running in thread_id: 1765)
[2025-07-30 23:17:56.066] [840] [HailoRT] [info] [pipeline.cpp:891] [print_deep_description] PostInferEl8AsyncHwEl | inputs: PushQEl8AsyncHwEl[0] | outputs: LastAsyncEl0PostInferEl8AsyncHwEl
[2025-07-30 23:17:56.066] [840] [HailoRT] [info] [pipeline.cpp:891] [print_deep_description] LastAsyncEl0PostInferEl8AsyncHwEl | inputs: PostInferEl8AsyncHwEl[0] | outputs: user
[2025-07-30 23:18:56.133] [838] [HailoRT] [info] [vdevice.cpp:523] [create] Creating vdevice with params: device_count: 1, scheduling_algorithm: ROUND_ROBIN, multi_process_service: false
[2025-07-30 23:18:56.169] [838] [HailoRT] [info] [device.cpp:49] [Device] OS Version: Linux 6.12.25+rpt-rpi-2712 #1 SMP PREEMPT Debian 1:6.12.25-1+rpt1 (2025-04-30) aarch64
[2025-07-30 23:18:56.181] [838] [HailoRT] [info] [control.cpp:108] [control__parse_identify_results] firmware_version is: 4.20.0
[2025-07-30 23:18:56.181] [838] [HailoRT] [info] [vdevice.cpp:651] [create] VDevice Infos: 0001:01:00.0
[2025-07-30 23:18:56.218] [838] [HailoRT] [info] [hef.cpp:1929] [get_network_group_and_network_name] No name was given. Addressing all networks of default network_group: yolov8m_pose
[2025-07-30 23:18:56.218] [838] [HailoRT] [info] [hef.cpp:1929] [get_network_group_and_network_name] No name was given. Addressing all networks of default network_group: yolov8m_pose
[2025-07-30 23:18:56.219] [838] [HailoRT] [info] [hef.cpp:1929] [get_network_group_and_network_name] No name was given. Addressing all networks of default network_group: yolov8m_pose
[2025-07-30 23:18:56.219] [838] [HailoRT] [info] [hef.cpp:1929] [get_network_group_and_network_name] No name was given. Addressing all networks of default network_group: yolov8m_pose
[2025-07-30 23:18:56.219] [838] [HailoRT] [info] [hef.cpp:1929] [get_network_group_and_network_name] No name was given. Addressing all networks of default network_group: yolov8m_pose
[2025-07-30 23:18:56.245] [838] [HailoRT] [info] [internal_buffer_manager.cpp:204] [print_execution_results] Planned internal buffer memory: CMA memory 0, user memory 2998784. memory to edge layer usage factor is 0.8297209
[2025-07-30 23:18:56.245] [838] [HailoRT] [info] [internal_buffer_manager.cpp:212] [print_execution_results] Default Internal buffer planner executed successfully
[2025-07-30 23:18:56.299] [838] [HailoRT] [info] [device_internal.cpp:57] [configure] Configuring HEF took 79.760981 milliseconds
[2025-07-30 23:18:56.299] [838] [HailoRT] [info] [vdevice.cpp:749] [configure] Configuring HEF on VDevice took 80.605666 milliseconds
[2025-07-30 23:18:56.299] [838] [HailoRT] [info] [infer_model.cpp:436] [configure] Configuring network group 'yolov8m_pose' with params: batch size: 1, power mode: PERFORMANCE, latency: NONE
[2025-07-30 23:18:56.307] [838] [HailoRT] [info] [multi_io_elements.cpp:756] [create] Created (AsyncHwEl)
[2025-07-30 23:18:56.310] [838] [HailoRT] [info] [queue_elements.cpp:450] [create] Created (EntryPushQEl0yolov8m_pose/input_layer1 | timeout: 10s)
[2025-07-30 23:18:56.310] [838] [HailoRT] [info] [queue_elements.cpp:450] [create] Created (PushQEl4AsyncHwEl | timeout: 10s)
[2025-07-30 23:18:56.310] [838] [HailoRT] [info] [filter_elements.cpp:375] [create] Created (PostInferEl4AsyncHwEl | Quantization - src_type: UINT8, dst_type FLOAT32, limvals_min: -5.78603, limvals_max: 12.4293)
[2025-07-30 23:18:56.310] [838] [HailoRT] [info] [edge_elements.cpp:187] [create] Created (LastAsyncEl0PostInferEl4AsyncHwEl)
[2025-07-30 23:18:56.310] [838] [HailoRT] [info] [queue_elements.cpp:450] [create] Created (PushQEl5AsyncHwEl | timeout: 10s)
[2025-07-30 23:18:56.310] [838] [HailoRT] [info] [filter_elements.cpp:375] [create] Created (PostInferEl5AsyncHwEl | Quantization - src_type: UINT16, dst_type FLOAT32, limvals_min: -10.9379, limvals_max: 9.22424 | Reorder - src_order: FCR, src_shape: (40, 40, 56), dst_order: FCR, dst_shape: (40, 40, 51))
[2025-07-30 23:18:56.310] [838] [HailoRT] [info] [edge_elements.cpp:187] [create] Created (LastAsyncEl0PostInferEl5AsyncHwEl)
[2025-07-30 23:18:56.310] [838] [HailoRT] [info] [queue_elements.cpp:450] [create] Created (PushQEl0AsyncHwEl | timeout: 10s)
[2025-07-30 23:18:56.310] [838] [HailoRT] [info] [filter_elements.cpp:375] [create] Created (PostInferEl0AsyncHwEl | Quantization - src_type: UINT8, dst_type FLOAT32, limvals_min: 0, limvals_max: 1)
[2025-07-30 23:18:56.310] [838] [HailoRT] [info] [edge_elements.cpp:187] [create] Created (LastAsyncEl0PostInferEl0AsyncHwEl)
[2025-07-30 23:18:56.313] [838] [HailoRT] [info] [queue_elements.cpp:450] [create] Created (PushQEl1AsyncHwEl | timeout: 10s)
[2025-07-30 23:18:56.315] [838] [HailoRT] [info] [filter_elements.cpp:375] [create] Created (PostInferEl1AsyncHwEl | Quantization - src_type: UINT16, dst_type FLOAT32, limvals_min: -10.3246, limvals_max: 9.13622 | Reorder - src_order: FCR, src_shape: (20, 20, 56), dst_order: FCR, dst_shape: (20, 20, 51))
[2025-07-30 23:18:56.315] [838] [HailoRT] [info] [edge_elements.cpp:187] [create] Created (LastAsyncEl0PostInferEl1AsyncHwEl)
[2025-07-30 23:18:56.315] [838] [HailoRT] [info] [queue_elements.cpp:450] [create] Created (PushQEl2AsyncHwEl | timeout: 10s)
[2025-07-30 23:18:56.315] [838] [HailoRT] [info] [filter_elements.cpp:375] [create] Created (PostInferEl2AsyncHwEl | Quantization - src_type: UINT8, dst_type FLOAT32, limvals_min: -7.00631, limvals_max: 13.5294)
[2025-07-30 23:18:56.315] [838] [HailoRT] [info] [edge_elements.cpp:187] [create] Created (LastAsyncEl0PostInferEl2AsyncHwEl)
[2025-07-30 23:18:56.316] [838] [HailoRT] [info] [queue_elements.cpp:450] [create] Created (PushQEl3AsyncHwEl | timeout: 10s)
[2025-07-30 23:18:56.316] [838] [HailoRT] [info] [filter_elements.cpp:375] [create] Created (PostInferEl3AsyncHwEl | Quantization - src_type: UINT8, dst_type FLOAT32, limvals_min: 0, limvals_max: 1)
[2025-07-30 23:18:56.333] [838] [HailoRT] [info] [edge_elements.cpp:187] [create] Created (LastAsyncEl0PostInferEl3AsyncHwEl)
[2025-07-30 23:18:56.333] [838] [HailoRT] [info] [queue_elements.cpp:450] [create] Created (PushQEl8AsyncHwEl | timeout: 10s)
[2025-07-30 23:18:56.333] [838] [HailoRT] [info] [filter_elements.cpp:375] [create] Created (PostInferEl8AsyncHwEl | Quantization - src_type: UINT8, dst_type FLOAT32, limvals_min: -5.99066, limvals_max: 14.9356)
[2025-07-30 23:18:56.333] [838] [HailoRT] [info] [edge_elements.cpp:187] [create] Created (LastAsyncEl0PostInferEl8AsyncHwEl)
[2025-07-30 23:18:56.333] [838] [HailoRT] [info] [queue_elements.cpp:450] [create] Created (PushQEl6AsyncHwEl | timeout: 10s)
[2025-07-30 23:18:56.333] [838] [HailoRT] [info] [filter_elements.cpp:375] [create] Created (PostInferEl6AsyncHwEl | Quantization - src_type: UINT8, dst_type FLOAT32, limvals_min: 0, limvals_max: 1)
[2025-07-30 23:18:56.333] [838] [HailoRT] [info] [edge_elements.cpp:187] [create] Created (LastAsyncEl0PostInferEl6AsyncHwEl)
[2025-07-30 23:18:56.333] [838] [HailoRT] [info] [queue_elements.cpp:450] [create] Created (PushQEl7AsyncHwEl | timeout: 10s)
[2025-07-30 23:18:56.333] [838] [HailoRT] [info] [filter_elements.cpp:375] [create] Created (PostInferEl7AsyncHwEl | Quantization - src_type: UINT16, dst_type FLOAT32, limvals_min: -9.28198, limvals_max: 6.23313 | Reorder - src_order: FCR, src_shape: (80, 80, 56), dst_order: FCR, dst_shape: (80, 80, 51))
[2025-07-30 23:18:56.333] [838] [HailoRT] [info] [edge_elements.cpp:187] [create] Created (LastAsyncEl0PostInferEl7AsyncHwEl)
[2025-07-30 23:18:56.333] [838] [HailoRT] [info] [pipeline.cpp:891] [print_deep_description] EntryPushQEl0yolov8m_pose/input_layer1 | inputs: user | outputs: AsyncHwEl(running in thread_id: 1776)
[2025-07-30 23:18:56.337] [838] [HailoRT] [info] [pipeline.cpp:891] [print_deep_description] AsyncHwEl | inputs: EntryPushQEl0yolov8m_pose/input_layer1[0] | outputs: PushQEl0AsyncHwEl PushQEl1AsyncHwEl PushQEl2AsyncHwEl PushQEl3AsyncHwEl PushQEl4AsyncHwEl PushQEl5AsyncHwEl PushQEl6AsyncHwEl PushQEl7AsyncHwEl PushQEl8AsyncHwEl
[2025-07-30 23:18:56.337] [838] [HailoRT] [info] [pipeline.cpp:891] [print_deep_description] PushQEl0AsyncHwEl | inputs: AsyncHwEl[0] | outputs: PostInferEl0AsyncHwEl(running in thread_id: 1779)
[2025-07-30 23:18:56.337] [838] [HailoRT] [info] [pipeline.cpp:891] [print_deep_description] PostInferEl0AsyncHwEl | inputs: PushQEl0AsyncHwEl[0] | outputs: LastAsyncEl0PostInferEl0AsyncHwEl
[2025-07-30 23:18:56.337] [838] [HailoRT] [info] [pipeline.cpp:891] [print_deep_description] LastAsyncEl0PostInferEl0AsyncHwEl | inputs: PostInferEl0AsyncHwEl[0] | outputs: user
[2025-07-30 23:18:56.337] [838] [HailoRT] [info] [pipeline.cpp:891] [print_deep_description] PushQEl1AsyncHwEl | inputs: AsyncHwEl[0] | outputs: PostInferEl1AsyncHwEl(running in thread_id: 1781)
[2025-07-30 23:18:56.337] [838] [HailoRT] [info] [pipeline.cpp:891] [print_deep_description] PostInferEl1AsyncHwEl | inputs: PushQEl1AsyncHwEl[0] | outputs: LastAsyncEl0PostInferEl1AsyncHwEl
[2025-07-30 23:18:56.337] [838] [HailoRT] [info] [pipeline.cpp:891] [print_deep_description] LastAsyncEl0PostInferEl1AsyncHwEl | inputs: PostInferEl1AsyncHwEl[0] | outputs: user
[2025-07-30 23:18:56.337] [838] [HailoRT] [info] [pipeline.cpp:891] [print_deep_description] PushQEl2AsyncHwEl | inputs: AsyncHwEl[0] | outputs: PostInferEl2AsyncHwEl(running in thread_id: 1791)
[2025-07-30 23:18:56.337] [838] [HailoRT] [info] [pipeline.cpp:891] [print_deep_description] PostInferEl2AsyncHwEl | inputs: PushQEl2AsyncHwEl[0] | outputs: LastAsyncEl0PostInferEl2AsyncHwEl
[2025-07-30 23:18:56.337] [838] [HailoRT] [info] [pipeline.cpp:891] [print_deep_description] LastAsyncEl0PostInferEl2AsyncHwEl | inputs: PostInferEl2AsyncHwEl[0] | outputs: user
[2025-07-30 23:18:56.337] [838] [HailoRT] [info] [pipeline.cpp:891] [print_deep_description] PushQEl3AsyncHwEl | inputs: AsyncHwEl[0] | outputs: PostInferEl3AsyncHwEl(running in thread_id: 1792)
[2025-07-30 23:18:56.337] [838] [HailoRT] [info] [pipeline.cpp:891] [print_deep_description] PostInferEl3AsyncHwEl | inputs: PushQEl3AsyncHwEl[0] | outputs: LastAsyncEl0PostInferEl3AsyncHwEl
[2025-07-30 23:18:56.337] [838] [HailoRT] [info] [pipeline.cpp:891] [print_deep_description] LastAsyncEl0PostInferEl3AsyncHwEl | inputs: PostInferEl3AsyncHwEl[0] | outputs: user
[2025-07-30 23:18:56.337] [838] [HailoRT] [info] [pipeline.cpp:891] [print_deep_description] PushQEl4AsyncHwEl | inputs: AsyncHwEl[0] | outputs: PostInferEl4AsyncHwEl(running in thread_id: 1777)
[2025-07-30 23:18:56.337] [838] [HailoRT] [info] [pipeline.cpp:891] [print_deep_description] PostInferEl4AsyncHwEl | inputs: PushQEl4AsyncHwEl[0] | outputs: LastAsyncEl0PostInferEl4AsyncHwEl
[2025-07-30 23:18:56.337] [838] [HailoRT] [info] [pipeline.cpp:891] [print_deep_description] LastAsyncEl0PostInferEl4AsyncHwEl | inputs: PostInferEl4AsyncHwEl[0] | outputs: user
[2025-07-30 23:18:56.337] [838] [HailoRT] [info] [pipeline.cpp:891] [print_deep_description] PushQEl5AsyncHwEl | inputs: AsyncHwEl[0] | outputs: PostInferEl5AsyncHwEl(running in thread_id: 1778)
[2025-07-30 23:18:56.337] [838] [HailoRT] [info] [pipeline.cpp:891] [print_deep_description] PostInferEl5AsyncHwEl | inputs: PushQEl5AsyncHwEl[0] | outputs: LastAsyncEl0PostInferEl5AsyncHwEl
[2025-07-30 23:18:56.337] [838] [HailoRT] [info] [pipeline.cpp:891] [print_deep_description] LastAsyncEl0PostInferEl5AsyncHwEl | inputs: PostInferEl5AsyncHwEl[0] | outputs: user
[2025-07-30 23:18:56.337] [838] [HailoRT] [info] [pipeline.cpp:891] [print_deep_description] PushQEl6AsyncHwEl | inputs: AsyncHwEl[0] | outputs: PostInferEl6AsyncHwEl(running in thread_id: 1798)
[2025-07-30 23:18:56.337] [838] [HailoRT] [info] [pipeline.cpp:891] [print_deep_description] PostInferEl6AsyncHwEl | inputs: PushQEl6AsyncHwEl[0] | outputs: LastAsyncEl0PostInferEl6AsyncHwEl
[2025-07-30 23:18:56.337] [838] [HailoRT] [info] [pipeline.cpp:891] [print_deep_description] LastAsyncEl0PostInferEl6AsyncHwEl | inputs: PostInferEl6AsyncHwEl[0] | outputs: user
[2025-07-30 23:18:56.337] [838] [HailoRT] [info] [pipeline.cpp:891] [print_deep_description] PushQEl7AsyncHwEl | inputs: AsyncHwEl[0] | outputs: PostInferEl7AsyncHwEl(running in thread_id: 1799)
[2025-07-30 23:18:56.337] [838] [HailoRT] [info] [pipeline.cpp:891] [print_deep_description] PostInferEl7AsyncHwEl | inputs: PushQEl7AsyncHwEl[0] | outputs: LastAsyncEl0PostInferEl7AsyncHwEl
[2025-07-30 23:18:56.337] [838] [HailoRT] [info] [pipeline.cpp:891] [print_deep_description] LastAsyncEl0PostInferEl7AsyncHwEl | inputs: PostInferEl7AsyncHwEl[0] | outputs: user
[2025-07-30 23:18:56.337] [838] [HailoRT] [info] [pipeline.cpp:891] [print_deep_description] PushQEl8AsyncHwEl | inputs: AsyncHwEl[0] | outputs: PostInferEl8AsyncHwEl(running in thread_id: 1797)
[2025-07-30 23:18:56.337] [838] [HailoRT] [info] [pipeline.cpp:891] [print_deep_description] PostInferEl8AsyncHwEl | inputs: PushQEl8AsyncHwEl[0] | outputs: LastAsyncEl0PostInferEl8AsyncHwEl
[2025-07-30 23:18:56.337] [838] [HailoRT] [info] [pipeline.cpp:891] [print_deep_description] LastAsyncEl0PostInferEl8AsyncHwEl | inputs: PostInferEl8AsyncHwEl[0] | outputs: user
[2025-07-30 23:21:51.416] [837] [HailoRT] [info] [vdevice.cpp:523] [create] Creating vdevice with params: device_count: 1, scheduling_algorithm: ROUND_ROBIN, multi_process_service: false
[2025-07-30 23:21:51.452] [837] [HailoRT] [info] [device.cpp:49] [Device] OS Version: Linux 6.12.25+rpt-rpi-2712 #1 SMP PREEMPT Debian 1:6.12.25-1+rpt1 (2025-04-30) aarch64
[2025-07-30 23:21:51.453] [837] [HailoRT] [info] [control.cpp:108] [control__parse_identify_results] firmware_version is: 4.20.0
[2025-07-30 23:21:51.453] [837] [HailoRT] [info] [vdevice.cpp:651] [create] VDevice Infos: 0001:01:00.0
[2025-07-30 23:21:51.487] [837] [HailoRT] [info] [hef.cpp:1929] [get_network_group_and_network_name] No name was given. Addressing all networks of default network_group: yolov8m_pose
[2025-07-30 23:21:51.487] [837] [HailoRT] [info] [hef.cpp:1929] [get_network_group_and_network_name] No name was given. Addressing all networks of default network_group: yolov8m_pose
[2025-07-30 23:21:51.487] [837] [HailoRT] [info] [hef.cpp:1929] [get_network_group_and_network_name] No name was given. Addressing all networks of default network_group: yolov8m_pose
[2025-07-30 23:21:51.487] [837] [HailoRT] [info] [hef.cpp:1929] [get_network_group_and_network_name] No name was given. Addressing all networks of default network_group: yolov8m_pose
[2025-07-30 23:21:51.487] [837] [HailoRT] [info] [hef.cpp:1929] [get_network_group_and_network_name] No name was given. Addressing all networks of default network_group: yolov8m_pose
[2025-07-30 23:21:51.511] [837] [HailoRT] [info] [internal_buffer_manager.cpp:204] [print_execution_results] Planned internal buffer memory: CMA memory 0, user memory 2998784. memory to edge layer usage factor is 0.8297209
[2025-07-30 23:21:51.511] [837] [HailoRT] [info] [internal_buffer_manager.cpp:212] [print_execution_results] Default Internal buffer planner executed successfully
[2025-07-30 23:21:51.541] [837] [HailoRT] [info] [device_internal.cpp:57] [configure] Configuring HEF took 53.60213 milliseconds
[2025-07-30 23:21:51.541] [837] [HailoRT] [info] [vdevice.cpp:749] [configure] Configuring HEF on VDevice took 54.369074 milliseconds
[2025-07-30 23:21:51.541] [837] [HailoRT] [info] [infer_model.cpp:436] [configure] Configuring network group 'yolov8m_pose' with params: batch size: 1, power mode: PERFORMANCE, latency: NONE
[2025-07-30 23:21:51.552] [837] [HailoRT] [info] [multi_io_elements.cpp:756] [create] Created (AsyncHwEl)
[2025-07-30 23:21:51.556] [837] [HailoRT] [info] [queue_elements.cpp:450] [create] Created (EntryPushQEl0yolov8m_pose/input_layer1 | timeout: 10s)
[2025-07-30 23:21:51.557] [837] [HailoRT] [info] [queue_elements.cpp:450] [create] Created (PushQEl4AsyncHwEl | timeout: 10s)
[2025-07-30 23:21:51.557] [837] [HailoRT] [info] [filter_elements.cpp:375] [create] Created (PostInferEl4AsyncHwEl | Quantization - src_type: UINT8, dst_type FLOAT32, limvals_min: -5.78603, limvals_max: 12.4293)
[2025-07-30 23:21:51.557] [837] [HailoRT] [info] [edge_elements.cpp:187] [create] Created (LastAsyncEl0PostInferEl4AsyncHwEl)
[2025-07-30 23:21:51.557] [837] [HailoRT] [info] [queue_elements.cpp:450] [create] Created (PushQEl5AsyncHwEl | timeout: 10s)
[2025-07-30 23:21:51.557] [837] [HailoRT] [info] [filter_elements.cpp:375] [create] Created (PostInferEl5AsyncHwEl | Quantization - src_type: UINT16, dst_type FLOAT32, limvals_min: -10.9379, limvals_max: 9.22424 | Reorder - src_order: FCR, src_shape: (40, 40, 56), dst_order: FCR, dst_shape: (40, 40, 51))
[2025-07-30 23:21:51.557] [837] [HailoRT] [info] [edge_elements.cpp:187] [create] Created (LastAsyncEl0PostInferEl5AsyncHwEl)
[2025-07-30 23:21:51.557] [837] [HailoRT] [info] [queue_elements.cpp:450] [create] Created (PushQEl0AsyncHwEl | timeout: 10s)
[2025-07-30 23:21:51.557] [837] [HailoRT] [info] [filter_elements.cpp:375] [create] Created (PostInferEl0AsyncHwEl | Quantization - src_type: UINT8, dst_type FLOAT32, limvals_min: 0, limvals_max: 1)
[2025-07-30 23:21:51.557] [837] [HailoRT] [info] [edge_elements.cpp:187] [create] Created (LastAsyncEl0PostInferEl0AsyncHwEl)
[2025-07-30 23:21:51.563] [837] [HailoRT] [info] [queue_elements.cpp:450] [create] Created (PushQEl1AsyncHwEl | timeout: 10s)
[2025-07-30 23:21:51.567] [837] [HailoRT] [info] [filter_elements.cpp:375] [create] Created (PostInferEl1AsyncHwEl | Quantization - src_type: UINT16, dst_type FLOAT32, limvals_min: -10.3246, limvals_max: 9.13622 | Reorder - src_order: FCR, src_shape: (20, 20, 56), dst_order: FCR, dst_shape: (20, 20, 51))
[2025-07-30 23:21:51.567] [837] [HailoRT] [info] [edge_elements.cpp:187] [create] Created (LastAsyncEl0PostInferEl1AsyncHwEl)
[2025-07-30 23:21:51.567] [837] [HailoRT] [info] [queue_elements.cpp:450] [create] Created (PushQEl2AsyncHwEl | timeout: 10s)
[2025-07-30 23:21:51.567] [837] [HailoRT] [info] [filter_elements.cpp:375] [create] Created (PostInferEl2AsyncHwEl | Quantization - src_type: UINT8, dst_type FLOAT32, limvals_min: -7.00631, limvals_max: 13.5294)
[2025-07-30 23:21:51.567] [837] [HailoRT] [info] [edge_elements.cpp:187] [create] Created (LastAsyncEl0PostInferEl2AsyncHwEl)
[2025-07-30 23:21:51.567] [837] [HailoRT] [info] [queue_elements.cpp:450] [create] Created (PushQEl3AsyncHwEl | timeout: 10s)
[2025-07-30 23:21:51.567] [837] [HailoRT] [info] [filter_elements.cpp:375] [create] Created (PostInferEl3AsyncHwEl | Quantization - src_type: UINT8, dst_type FLOAT32, limvals_min: 0, limvals_max: 1)
[2025-07-30 23:21:51.602] [837] [HailoRT] [info] [edge_elements.cpp:187] [create] Created (LastAsyncEl0PostInferEl3AsyncHwEl)
[2025-07-30 23:21:51.602] [837] [HailoRT] [info] [queue_elements.cpp:450] [create] Created (PushQEl8AsyncHwEl | timeout: 10s)
[2025-07-30 23:21:51.602] [837] [HailoRT] [info] [filter_elements.cpp:375] [create] Created (PostInferEl8AsyncHwEl | Quantization - src_type: UINT8, dst_type FLOAT32, limvals_min: -5.99066, limvals_max: 14.9356)
[2025-07-30 23:21:51.602] [837] [HailoRT] [info] [edge_elements.cpp:187] [create] Created (LastAsyncEl0PostInferEl8AsyncHwEl)
[2025-07-30 23:21:51.603] [837] [HailoRT] [info] [queue_elements.cpp:450] [create] Created (PushQEl6AsyncHwEl | timeout: 10s)
[2025-07-30 23:21:51.603] [837] [HailoRT] [info] [filter_elements.cpp:375] [create] Created (PostInferEl6AsyncHwEl | Quantization - src_type: UINT8, dst_type FLOAT32, limvals_min: 0, limvals_max: 1)
[2025-07-30 23:21:51.603] [837] [HailoRT] [info] [edge_elements.cpp:187] [create] Created (LastAsyncEl0PostInferEl6AsyncHwEl)
[2025-07-30 23:21:51.603] [837] [HailoRT] [info] [queue_elements.cpp:450] [create] Created (PushQEl7AsyncHwEl | timeout: 10s)
[2025-07-30 23:21:51.603] [837] [HailoRT] [info] [filter_elements.cpp:375] [create] Created (PostInferEl7AsyncHwEl | Quantization - src_type: UINT16, dst_type FLOAT32, limvals_min: -9.28198, limvals_max: 6.23313 | Reorder - src_order: FCR, src_shape: (80, 80, 56), dst_order: FCR, dst_shape: (80, 80, 51))
[2025-07-30 23:21:51.603] [837] [HailoRT] [info] [edge_elements.cpp:187] [create] Created (LastAsyncEl0PostInferEl7AsyncHwEl)
[2025-07-30 23:21:51.603] [837] [HailoRT] [info] [pipeline.cpp:891] [print_deep_description] EntryPushQEl0yolov8m_pose/input_layer1 | inputs: user | outputs: AsyncHwEl(running in thread_id: 1743)
[2025-07-30 23:21:51.605] [837] [HailoRT] [info] [pipeline.cpp:891] [print_deep_description] AsyncHwEl | inputs: EntryPushQEl0yolov8m_pose/input_layer1[0] | outputs: PushQEl0AsyncHwEl PushQEl1AsyncHwEl PushQEl2AsyncHwEl PushQEl3AsyncHwEl PushQEl4AsyncHwEl PushQEl5AsyncHwEl PushQEl6AsyncHwEl PushQEl7AsyncHwEl PushQEl8AsyncHwEl
[2025-07-30 23:21:51.605] [837] [HailoRT] [info] [pipeline.cpp:891] [print_deep_description] PushQEl0AsyncHwEl | inputs: AsyncHwEl[0] | outputs: PostInferEl0AsyncHwEl(running in thread_id: 1746)
[2025-07-30 23:21:51.605] [837] [HailoRT] [info] [pipeline.cpp:891] [print_deep_description] PostInferEl0AsyncHwEl | inputs: PushQEl0AsyncHwEl[0] | outputs: LastAsyncEl0PostInferEl0AsyncHwEl
[2025-07-30 23:21:51.605] [837] [HailoRT] [info] [pipeline.cpp:891] [print_deep_description] LastAsyncEl0PostInferEl0AsyncHwEl | inputs: PostInferEl0AsyncHwEl[0] | outputs: user
[2025-07-30 23:21:51.605] [837] [HailoRT] [info] [pipeline.cpp:891] [print_deep_description] PushQEl1AsyncHwEl | inputs: AsyncHwEl[0] | outputs: PostInferEl1AsyncHwEl(running in thread_id: 1747)
[2025-07-30 23:21:51.605] [837] [HailoRT] [info] [pipeline.cpp:891] [print_deep_description] PostInferEl1AsyncHwEl | inputs: PushQEl1AsyncHwEl[0] | outputs: LastAsyncEl0PostInferEl1AsyncHwEl
[2025-07-30 23:21:51.605] [837] [HailoRT] [info] [pipeline.cpp:891] [print_deep_description] LastAsyncEl0PostInferEl1AsyncHwEl | inputs: PostInferEl1AsyncHwEl[0] | outputs: user
[2025-07-30 23:21:51.605] [837] [HailoRT] [info] [pipeline.cpp:891] [print_deep_description] PushQEl2AsyncHwEl | inputs: AsyncHwEl[0] | outputs: PostInferEl2AsyncHwEl(running in thread_id: 1749)
[2025-07-30 23:21:51.605] [837] [HailoRT] [info] [pipeline.cpp:891] [print_deep_description] PostInferEl2AsyncHwEl | inputs: PushQEl2AsyncHwEl[0] | outputs: LastAsyncEl0PostInferEl2AsyncHwEl
[2025-07-30 23:21:51.605] [837] [HailoRT] [info] [pipeline.cpp:891] [print_deep_description] LastAsyncEl0PostInferEl2AsyncHwEl | inputs: PostInferEl2AsyncHwEl[0] | outputs: user
[2025-07-30 23:21:51.605] [837] [HailoRT] [info] [pipeline.cpp:891] [print_deep_description] PushQEl3AsyncHwEl | inputs: AsyncHwEl[0] | outputs: PostInferEl3AsyncHwEl(running in thread_id: 1750)
[2025-07-30 23:21:51.605] [837] [HailoRT] [info] [pipeline.cpp:891] [print_deep_description] PostInferEl3AsyncHwEl | inputs: PushQEl3AsyncHwEl[0] | outputs: LastAsyncEl0PostInferEl3AsyncHwEl
[2025-07-30 23:21:51.605] [837] [HailoRT] [info] [pipeline.cpp:891] [print_deep_description] LastAsyncEl0PostInferEl3AsyncHwEl | inputs: PostInferEl3AsyncHwEl[0] | outputs: user
[2025-07-30 23:21:51.605] [837] [HailoRT] [info] [pipeline.cpp:891] [print_deep_description] PushQEl4AsyncHwEl | inputs: AsyncHwEl[0] | outputs: PostInferEl4AsyncHwEl(running in thread_id: 1744)
[2025-07-30 23:21:51.605] [837] [HailoRT] [info] [pipeline.cpp:891] [print_deep_description] PostInferEl4AsyncHwEl | inputs: PushQEl4AsyncHwEl[0] | outputs: LastAsyncEl0PostInferEl4AsyncHwEl
[2025-07-30 23:21:51.605] [837] [HailoRT] [info] [pipeline.cpp:891] [print_deep_description] LastAsyncEl0PostInferEl4AsyncHwEl | inputs: PostInferEl4AsyncHwEl[0] | outputs: user
[2025-07-30 23:21:51.605] [837] [HailoRT] [info] [pipeline.cpp:891] [print_deep_description] PushQEl5AsyncHwEl | inputs: AsyncHwEl[0] | outputs: PostInferEl5AsyncHwEl(running in thread_id: 1745)
[2025-07-30 23:21:51.605] [837] [HailoRT] [info] [pipeline.cpp:891] [print_deep_description] PostInferEl5AsyncHwEl | inputs: PushQEl5AsyncHwEl[0] | outputs: LastAsyncEl0PostInferEl5AsyncHwEl
[2025-07-30 23:21:51.605] [837] [HailoRT] [info] [pipeline.cpp:891] [print_deep_description] LastAsyncEl0PostInferEl5AsyncHwEl | inputs: PostInferEl5AsyncHwEl[0] | outputs: user
[2025-07-30 23:21:51.605] [837] [HailoRT] [info] [pipeline.cpp:891] [print_deep_description] PushQEl6AsyncHwEl | inputs: AsyncHwEl[0] | outputs: PostInferEl6AsyncHwEl(running in thread_id: 1752)
[2025-07-30 23:21:51.605] [837] [HailoRT] [info] [pipeline.cpp:891] [print_deep_description] PostInferEl6AsyncHwEl | inputs: PushQEl6AsyncHwEl[0] | outputs: LastAsyncEl0PostInferEl6AsyncHwEl
[2025-07-30 23:21:51.605] [837] [HailoRT] [info] [pipeline.cpp:891] [print_deep_description] LastAsyncEl0PostInferEl6AsyncHwEl | inputs: PostInferEl6AsyncHwEl[0] | outputs: user
[2025-07-30 23:21:51.605] [837] [HailoRT] [info] [pipeline.cpp:891] [print_deep_description] PushQEl7AsyncHwEl | inputs: AsyncHwEl[0] | outputs: PostInferEl7AsyncHwEl(running in thread_id: 1753)
[2025-07-30 23:21:51.605] [837] [HailoRT] [info] [pipeline.cpp:891] [print_deep_description] PostInferEl7AsyncHwEl | inputs: PushQEl7AsyncHwEl[0] | outputs: LastAsyncEl0PostInferEl7AsyncHwEl
[2025-07-30 23:21:51.605] [837] [HailoRT] [info] [pipeline.cpp:891] [print_deep_description] LastAsyncEl0PostInferEl7AsyncHwEl | inputs: PostInferEl7AsyncHwEl[0] | outputs: user
[2025-07-30 23:21:51.605] [837] [HailoRT] [info] [pipeline.cpp:891] [print_deep_description] PushQEl8AsyncHwEl | inputs: AsyncHwEl[0] | outputs: PostInferEl8AsyncHwEl(running in thread_id: 1751)
[2025-07-30 23:21:51.605] [837] [HailoRT] [info] [pipeline.cpp:891] [print_deep_description] PostInferEl8AsyncHwEl | inputs: PushQEl8AsyncHwEl[0] | outputs: LastAsyncEl0PostInferEl8AsyncHwEl
[2025-07-30 23:21:51.605] [837] [HailoRT] [info] [pipeline.cpp:891] [print_deep_description] LastAsyncEl0PostInferEl8AsyncHwEl | inputs: PostInferEl8AsyncHwEl[0] | outputs: user
[2025-07-30 23:22:10.288] [835] [HailoRT] [info] [vdevice.cpp:523] [create] Creating vdevice with params: device_count: 1, scheduling_algorithm: ROUND_ROBIN, multi_process_service: false
[2025-07-30 23:22:10.318] [835] [HailoRT] [info] [device.cpp:49] [Device] OS Version: Linux 6.12.25+rpt-rpi-2712 #1 SMP PREEMPT Debian 1:6.12.25-1+rpt1 (2025-04-30) aarch64
[2025-07-30 23:22:10.320] [835] [HailoRT] [info] [control.cpp:108] [control__parse_identify_results] firmware_version is: 4.20.0
[2025-07-30 23:22:10.320] [835] [HailoRT] [info] [vdevice.cpp:651] [create] VDevice Infos: 0001:01:00.0
[2025-07-30 23:22:10.348] [835] [HailoRT] [info] [hef.cpp:1929] [get_network_group_and_network_name] No name was given. Addressing all networks of default network_group: yolov8m_pose
[2025-07-30 23:22:10.348] [835] [HailoRT] [info] [hef.cpp:1929] [get_network_group_and_network_name] No name was given. Addressing all networks of default network_group: yolov8m_pose
[2025-07-30 23:22:10.348] [835] [HailoRT] [info] [hef.cpp:1929] [get_network_group_and_network_name] No name was given. Addressing all networks of default network_group: yolov8m_pose
[2025-07-30 23:22:10.348] [835] [HailoRT] [info] [hef.cpp:1929] [get_network_group_and_network_name] No name was given. Addressing all networks of default network_group: yolov8m_pose
[2025-07-30 23:22:10.348] [835] [HailoRT] [info] [hef.cpp:1929] [get_network_group_and_network_name] No name was given. Addressing all networks of default network_group: yolov8m_pose
[2025-07-30 23:22:10.370] [835] [HailoRT] [info] [internal_buffer_manager.cpp:204] [print_execution_results] Planned internal buffer memory: CMA memory 0, user memory 2998784. memory to edge layer usage factor is 0.8297209
[2025-07-30 23:22:10.370] [835] [HailoRT] [info] [internal_buffer_manager.cpp:212] [print_execution_results] Default Internal buffer planner executed successfully
[2025-07-30 23:22:10.398] [835] [HailoRT] [info] [device_internal.cpp:57] [configure] Configuring HEF took 49.82624 milliseconds
[2025-07-30 23:22:10.398] [835] [HailoRT] [info] [vdevice.cpp:749] [configure] Configuring HEF on VDevice took 50.565778 milliseconds
[2025-07-30 23:22:10.399] [835] [HailoRT] [info] [infer_model.cpp:436] [configure] Configuring network group 'yolov8m_pose' with params: batch size: 1, power mode: PERFORMANCE, latency: NONE
[2025-07-30 23:22:10.405] [835] [HailoRT] [info] [multi_io_elements.cpp:756] [create] Created (AsyncHwEl)
[2025-07-30 23:22:10.411] [835] [HailoRT] [info] [queue_elements.cpp:450] [create] Created (EntryPushQEl0yolov8m_pose/input_layer1 | timeout: 10s)
[2025-07-30 23:22:10.411] [835] [HailoRT] [info] [queue_elements.cpp:450] [create] Created (PushQEl4AsyncHwEl | timeout: 10s)
[2025-07-30 23:22:10.411] [835] [HailoRT] [info] [filter_elements.cpp:375] [create] Created (PostInferEl4AsyncHwEl | Quantization - src_type: UINT8, dst_type FLOAT32, limvals_min: -5.78603, limvals_max: 12.4293)
[2025-07-30 23:22:10.411] [835] [HailoRT] [info] [edge_elements.cpp:187] [create] Created (LastAsyncEl0PostInferEl4AsyncHwEl)
[2025-07-30 23:22:10.411] [835] [HailoRT] [info] [queue_elements.cpp:450] [create] Created (PushQEl5AsyncHwEl | timeout: 10s)
[2025-07-30 23:22:10.411] [835] [HailoRT] [info] [filter_elements.cpp:375] [create] Created (PostInferEl5AsyncHwEl | Quantization - src_type: UINT16, dst_type FLOAT32, limvals_min: -10.9379, limvals_max: 9.22424 | Reorder - src_order: FCR, src_shape: (40, 40, 56), dst_order: FCR, dst_shape: (40, 40, 51))
[2025-07-30 23:22:10.411] [835] [HailoRT] [info] [edge_elements.cpp:187] [create] Created (LastAsyncEl0PostInferEl5AsyncHwEl)
[2025-07-30 23:22:10.411] [835] [HailoRT] [info] [queue_elements.cpp:450] [create] Created (PushQEl0AsyncHwEl | timeout: 10s)
[2025-07-30 23:22:10.411] [835] [HailoRT] [info] [filter_elements.cpp:375] [create] Created (PostInferEl0AsyncHwEl | Quantization - src_type: UINT8, dst_type FLOAT32, limvals_min: 0, limvals_max: 1)
[2025-07-30 23:22:10.411] [835] [HailoRT] [info] [edge_elements.cpp:187] [create] Created (LastAsyncEl0PostInferEl0AsyncHwEl)
[2025-07-30 23:22:10.426] [835] [HailoRT] [info] [queue_elements.cpp:450] [create] Created (PushQEl1AsyncHwEl | timeout: 10s)
[2025-07-30 23:22:10.430] [835] [HailoRT] [info] [filter_elements.cpp:375] [create] Created (PostInferEl1AsyncHwEl | Quantization - src_type: UINT16, dst_type FLOAT32, limvals_min: -10.3246, limvals_max: 9.13622 | Reorder - src_order: FCR, src_shape: (20, 20, 56), dst_order: FCR, dst_shape: (20, 20, 51))
[2025-07-30 23:22:10.430] [835] [HailoRT] [info] [edge_elements.cpp:187] [create] Created (LastAsyncEl0PostInferEl1AsyncHwEl)
[2025-07-30 23:22:10.430] [835] [HailoRT] [info] [queue_elements.cpp:450] [create] Created (PushQEl2AsyncHwEl | timeout: 10s)
[2025-07-30 23:22:10.430] [835] [HailoRT] [info] [filter_elements.cpp:375] [create] Created (PostInferEl2AsyncHwEl | Quantization - src_type: UINT8, dst_type FLOAT32, limvals_min: -7.00631, limvals_max: 13.5294)
[2025-07-30 23:22:10.430] [835] [HailoRT] [info] [edge_elements.cpp:187] [create] Created (LastAsyncEl0PostInferEl2AsyncHwEl)
[2025-07-30 23:22:10.430] [835] [HailoRT] [info] [queue_elements.cpp:450] [create] Created (PushQEl3AsyncHwEl | timeout: 10s)
[2025-07-30 23:22:10.430] [835] [HailoRT] [info] [filter_elements.cpp:375] [create] Created (PostInferEl3AsyncHwEl | Quantization - src_type: UINT8, dst_type FLOAT32, limvals_min: 0, limvals_max: 1)
[2025-07-30 23:22:10.456] [835] [HailoRT] [info] [edge_elements.cpp:187] [create] Created (LastAsyncEl0PostInferEl3AsyncHwEl)
[2025-07-30 23:22:10.456] [835] [HailoRT] [info] [queue_elements.cpp:450] [create] Created (PushQEl8AsyncHwEl | timeout: 10s)
[2025-07-30 23:22:10.456] [835] [HailoRT] [info] [filter_elements.cpp:375] [create] Created (PostInferEl8AsyncHwEl | Quantization - src_type: UINT8, dst_type FLOAT32, limvals_min: -5.99066, limvals_max: 14.9356)
[2025-07-30 23:22:10.456] [835] [HailoRT] [info] [edge_elements.cpp:187] [create] Created (LastAsyncEl0PostInferEl8AsyncHwEl)
[2025-07-30 23:22:10.456] [835] [HailoRT] [info] [queue_elements.cpp:450] [create] Created (PushQEl6AsyncHwEl | timeout: 10s)
[2025-07-30 23:22:10.456] [835] [HailoRT] [info] [filter_elements.cpp:375] [create] Created (PostInferEl6AsyncHwEl | Quantization - src_type: UINT8, dst_type FLOAT32, limvals_min: 0, limvals_max: 1)
[2025-07-30 23:22:10.456] [835] [HailoRT] [info] [edge_elements.cpp:187] [create] Created (LastAsyncEl0PostInferEl6AsyncHwEl)
[2025-07-30 23:22:10.456] [835] [HailoRT] [info] [queue_elements.cpp:450] [create] Created (PushQEl7AsyncHwEl | timeout: 10s)
[2025-07-30 23:22:10.456] [835] [HailoRT] [info] [filter_elements.cpp:375] [create] Created (PostInferEl7AsyncHwEl | Quantization - src_type: UINT16, dst_type FLOAT32, limvals_min: -9.28198, limvals_max: 6.23313 | Reorder - src_order: FCR, src_shape: (80, 80, 56), dst_order: FCR, dst_shape: (80, 80, 51))
[2025-07-30 23:22:10.456] [835] [HailoRT] [info] [edge_elements.cpp:187] [create] Created (LastAsyncEl0PostInferEl7AsyncHwEl)
[2025-07-30 23:22:10.456] [835] [HailoRT] [info] [pipeline.cpp:891] [print_deep_description] EntryPushQEl0yolov8m_pose/input_layer1 | inputs: user | outputs: AsyncHwEl(running in thread_id: 1628)
[2025-07-30 23:22:10.472] [835] [HailoRT] [info] [pipeline.cpp:891] [print_deep_description] AsyncHwEl | inputs: EntryPushQEl0yolov8m_pose/input_layer1[0] | outputs: PushQEl0AsyncHwEl PushQEl1AsyncHwEl PushQEl2AsyncHwEl PushQEl3AsyncHwEl PushQEl4AsyncHwEl PushQEl5AsyncHwEl PushQEl6AsyncHwEl PushQEl7AsyncHwEl PushQEl8AsyncHwEl
[2025-07-30 23:22:10.472] [835] [HailoRT] [info] [pipeline.cpp:891] [print_deep_description] PushQEl0AsyncHwEl | inputs: AsyncHwEl[0] | outputs: PostInferEl0AsyncHwEl(running in thread_id: 1631)
[2025-07-30 23:22:10.472] [835] [HailoRT] [info] [pipeline.cpp:891] [print_deep_description] PostInferEl0AsyncHwEl | inputs: PushQEl0AsyncHwEl[0] | outputs: LastAsyncEl0PostInferEl0AsyncHwEl
[2025-07-30 23:22:10.472] [835] [HailoRT] [info] [pipeline.cpp:891] [print_deep_description] LastAsyncEl0PostInferEl0AsyncHwEl | inputs: PostInferEl0AsyncHwEl[0] | outputs: user
[2025-07-30 23:22:10.472] [835] [HailoRT] [info] [pipeline.cpp:891] [print_deep_description] PushQEl1AsyncHwEl | inputs: AsyncHwEl[0] | outputs: PostInferEl1AsyncHwEl(running in thread_id: 1632)
[2025-07-30 23:22:10.472] [835] [HailoRT] [info] [pipeline.cpp:891] [print_deep_description] PostInferEl1AsyncHwEl | inputs: PushQEl1AsyncHwEl[0] | outputs: LastAsyncEl0PostInferEl1AsyncHwEl
[2025-07-30 23:22:10.472] [835] [HailoRT] [info] [pipeline.cpp:891] [print_deep_description] LastAsyncEl0PostInferEl1AsyncHwEl | inputs: PostInferEl1AsyncHwEl[0] | outputs: user
[2025-07-30 23:22:10.472] [835] [HailoRT] [info] [pipeline.cpp:891] [print_deep_description] PushQEl2AsyncHwEl | inputs: AsyncHwEl[0] | outputs: PostInferEl2AsyncHwEl(running in thread_id: 1633)
[2025-07-30 23:22:10.472] [835] [HailoRT] [info] [pipeline.cpp:891] [print_deep_description] PostInferEl2AsyncHwEl | inputs: PushQEl2AsyncHwEl[0] | outputs: LastAsyncEl0PostInferEl2AsyncHwEl
[2025-07-30 23:22:10.472] [835] [HailoRT] [info] [pipeline.cpp:891] [print_deep_description] LastAsyncEl0PostInferEl2AsyncHwEl | inputs: PostInferEl2AsyncHwEl[0] | outputs: user
[2025-07-30 23:22:10.472] [835] [HailoRT] [info] [pipeline.cpp:891] [print_deep_description] PushQEl3AsyncHwEl | inputs: AsyncHwEl[0] | outputs: PostInferEl3AsyncHwEl(running in thread_id: 1634)
[2025-07-30 23:22:10.472] [835] [HailoRT] [info] [pipeline.cpp:891] [print_deep_description] PostInferEl3AsyncHwEl | inputs: PushQEl3AsyncHwEl[0] | outputs: LastAsyncEl0PostInferEl3AsyncHwEl
[2025-07-30 23:22:10.472] [835] [HailoRT] [info] [pipeline.cpp:891] [print_deep_description] LastAsyncEl0PostInferEl3AsyncHwEl | inputs: PostInferEl3AsyncHwEl[0] | outputs: user
[2025-07-30 23:22:10.472] [835] [HailoRT] [info] [pipeline.cpp:891] [print_deep_description] PushQEl4AsyncHwEl | inputs: AsyncHwEl[0] | outputs: PostInferEl4AsyncHwEl(running in thread_id: 1629)
[2025-07-30 23:22:10.472] [835] [HailoRT] [info] [pipeline.cpp:891] [print_deep_description] PostInferEl4AsyncHwEl | inputs: PushQEl4AsyncHwEl[0] | outputs: LastAsyncEl0PostInferEl4AsyncHwEl
[2025-07-30 23:22:10.472] [835] [HailoRT] [info] [pipeline.cpp:891] [print_deep_description] LastAsyncEl0PostInferEl4AsyncHwEl | inputs: PostInferEl4AsyncHwEl[0] | outputs: user
[2025-07-30 23:22:10.472] [835] [HailoRT] [info] [pipeline.cpp:891] [print_deep_description] PushQEl5AsyncHwEl | inputs: AsyncHwEl[0] | outputs: PostInferEl5AsyncHwEl(running in thread_id: 1630)
[2025-07-30 23:22:10.472] [835] [HailoRT] [info] [pipeline.cpp:891] [print_deep_description] PostInferEl5AsyncHwEl | inputs: PushQEl5AsyncHwEl[0] | outputs: LastAsyncEl0PostInferEl5AsyncHwEl
[2025-07-30 23:22:10.472] [835] [HailoRT] [info] [pipeline.cpp:891] [print_deep_description] LastAsyncEl0PostInferEl5AsyncHwEl | inputs: PostInferEl5AsyncHwEl[0] | outputs: user
[2025-07-30 23:22:10.472] [835] [HailoRT] [info] [pipeline.cpp:891] [print_deep_description] PushQEl6AsyncHwEl | inputs: AsyncHwEl[0] | outputs: PostInferEl6AsyncHwEl(running in thread_id: 1636)
[2025-07-30 23:22:10.472] [835] [HailoRT] [info] [pipeline.cpp:891] [print_deep_description] PostInferEl6AsyncHwEl | inputs: PushQEl6AsyncHwEl[0] | outputs: LastAsyncEl0PostInferEl6AsyncHwEl
[2025-07-30 23:22:10.472] [835] [HailoRT] [info] [pipeline.cpp:891] [print_deep_description] LastAsyncEl0PostInferEl6AsyncHwEl | inputs: PostInferEl6AsyncHwEl[0] | outputs: user
[2025-07-30 23:22:10.472] [835] [HailoRT] [info] [pipeline.cpp:891] [print_deep_description] PushQEl7AsyncHwEl | inputs: AsyncHwEl[0] | outputs: PostInferEl7AsyncHwEl(running in thread_id: 1637)
[2025-07-30 23:22:10.472] [835] [HailoRT] [info] [pipeline.cpp:891] [print_deep_description] PostInferEl7AsyncHwEl | inputs: PushQEl7AsyncHwEl[0] | outputs: LastAsyncEl0PostInferEl7AsyncHwEl
[2025-07-30 23:22:10.472] [835] [HailoRT] [info] [pipeline.cpp:891] [print_deep_description] LastAsyncEl0PostInferEl7AsyncHwEl | inputs: PostInferEl7AsyncHwEl[0] | outputs: user
[2025-07-30 23:22:10.472] [835] [HailoRT] [info] [pipeline.cpp:891] [print_deep_description] PushQEl8AsyncHwEl | inputs: AsyncHwEl[0] | outputs: PostInferEl8AsyncHwEl(running in thread_id: 1635)
[2025-07-30 23:22:10.472] [835] [HailoRT] [info] [pipeline.cpp:891] [print_deep_description] PostInferEl8AsyncHwEl | inputs: PushQEl8AsyncHwEl[0] | outputs: LastAsyncEl0PostInferEl8AsyncHwEl
[2025-07-30 23:22:10.472] [835] [HailoRT] [info] [pipeline.cpp:891] [print_deep_description] LastAsyncEl0PostInferEl8AsyncHwEl | inputs: PostInferEl8AsyncHwEl[0] | outputs: user
[2025-07-30 23:22:45.717] [866] [HailoRT] [info] [vdevice.cpp:523] [create] Creating vdevice with params: device_count: 1, scheduling_algorithm: ROUND_ROBIN, multi_process_service: false
[2025-07-30 23:22:45.764] [866] [HailoRT] [info] [device.cpp:49] [Device] OS Version: Linux 6.12.25+rpt-rpi-2712 #1 SMP PREEMPT Debian 1:6.12.25-1+rpt1 (2025-04-30) aarch64
[2025-07-30 23:22:45.766] [866] [HailoRT] [info] [control.cpp:108] [control__parse_identify_results] firmware_version is: 4.20.0
[2025-07-30 23:22:45.766] [866] [HailoRT] [info] [vdevice.cpp:651] [create] VDevice Infos: 0001:01:00.0
[2025-07-30 23:22:45.792] [866] [HailoRT] [info] [hef.cpp:1929] [get_network_group_and_network_name] No name was given. Addressing all networks of default network_group: yolov8m_pose
[2025-07-30 23:22:45.792] [866] [HailoRT] [info] [hef.cpp:1929] [get_network_group_and_network_name] No name was given. Addressing all networks of default network_group: yolov8m_pose
[2025-07-30 23:22:45.792] [866] [HailoRT] [info] [hef.cpp:1929] [get_network_group_and_network_name] No name was given. Addressing all networks of default network_group: yolov8m_pose
[2025-07-30 23:22:45.792] [866] [HailoRT] [info] [hef.cpp:1929] [get_network_group_and_network_name] No name was given. Addressing all networks of default network_group: yolov8m_pose
[2025-07-30 23:22:45.792] [866] [HailoRT] [info] [hef.cpp:1929] [get_network_group_and_network_name] No name was given. Addressing all networks of default network_group: yolov8m_pose
[2025-07-30 23:22:45.825] [866] [HailoRT] [info] [internal_buffer_manager.cpp:204] [print_execution_results] Planned internal buffer memory: CMA memory 0, user memory 2998784. memory to edge layer usage factor is 0.8297209
[2025-07-30 23:22:45.825] [866] [HailoRT] [info] [internal_buffer_manager.cpp:212] [print_execution_results] Default Internal buffer planner executed successfully
[2025-07-30 23:22:45.852] [866] [HailoRT] [info] [device_internal.cpp:57] [configure] Configuring HEF took 59.525148 milliseconds
[2025-07-30 23:22:45.852] [866] [HailoRT] [info] [vdevice.cpp:749] [configure] Configuring HEF on VDevice took 60.280648 milliseconds
[2025-07-30 23:22:45.852] [866] [HailoRT] [info] [infer_model.cpp:436] [configure] Configuring network group 'yolov8m_pose' with params: batch size: 1, power mode: PERFORMANCE, latency: NONE
[2025-07-30 23:22:45.867] [866] [HailoRT] [info] [multi_io_elements.cpp:756] [create] Created (AsyncHwEl)
[2025-07-30 23:22:45.873] [866] [HailoRT] [info] [queue_elements.cpp:450] [create] Created (EntryPushQEl0yolov8m_pose/input_layer1 | timeout: 10s)
[2025-07-30 23:22:45.873] [866] [HailoRT] [info] [queue_elements.cpp:450] [create] Created (PushQEl4AsyncHwEl | timeout: 10s)
[2025-07-30 23:22:45.873] [866] [HailoRT] [info] [filter_elements.cpp:375] [create] Created (PostInferEl4AsyncHwEl | Quantization - src_type: UINT8, dst_type FLOAT32, limvals_min: -5.78603, limvals_max: 12.4293)
[2025-07-30 23:22:45.873] [866] [HailoRT] [info] [edge_elements.cpp:187] [create] Created (LastAsyncEl0PostInferEl4AsyncHwEl)
[2025-07-30 23:22:45.873] [866] [HailoRT] [info] [queue_elements.cpp:450] [create] Created (PushQEl5AsyncHwEl | timeout: 10s)
[2025-07-30 23:22:45.873] [866] [HailoRT] [info] [filter_elements.cpp:375] [create] Created (PostInferEl5AsyncHwEl | Quantization - src_type: UINT16, dst_type FLOAT32, limvals_min: -10.9379, limvals_max: 9.22424 | Reorder - src_order: FCR, src_shape: (40, 40, 56), dst_order: FCR, dst_shape: (40, 40, 51))
[2025-07-30 23:22:45.873] [866] [HailoRT] [info] [edge_elements.cpp:187] [create] Created (LastAsyncEl0PostInferEl5AsyncHwEl)
[2025-07-30 23:22:45.873] [866] [HailoRT] [info] [queue_elements.cpp:450] [create] Created (PushQEl0AsyncHwEl | timeout: 10s)
[2025-07-30 23:22:45.873] [866] [HailoRT] [info] [filter_elements.cpp:375] [create] Created (PostInferEl0AsyncHwEl | Quantization - src_type: UINT8, dst_type FLOAT32, limvals_min: 0, limvals_max: 1)
[2025-07-30 23:22:45.873] [866] [HailoRT] [info] [edge_elements.cpp:187] [create] Created (LastAsyncEl0PostInferEl0AsyncHwEl)
[2025-07-30 23:22:45.883] [866] [HailoRT] [info] [queue_elements.cpp:450] [create] Created (PushQEl1AsyncHwEl | timeout: 10s)
[2025-07-30 23:22:45.893] [866] [HailoRT] [info] [filter_elements.cpp:375] [create] Created (PostInferEl1AsyncHwEl | Quantization - src_type: UINT16, dst_type FLOAT32, limvals_min: -10.3246, limvals_max: 9.13622 | Reorder - src_order: FCR, src_shape: (20, 20, 56), dst_order: FCR, dst_shape: (20, 20, 51))
[2025-07-30 23:22:45.893] [866] [HailoRT] [info] [edge_elements.cpp:187] [create] Created (LastAsyncEl0PostInferEl1AsyncHwEl)
[2025-07-30 23:22:45.893] [866] [HailoRT] [info] [queue_elements.cpp:450] [create] Created (PushQEl2AsyncHwEl | timeout: 10s)
[2025-07-30 23:22:45.893] [866] [HailoRT] [info] [filter_elements.cpp:375] [create] Created (PostInferEl2AsyncHwEl | Quantization - src_type: UINT8, dst_type FLOAT32, limvals_min: -7.00631, limvals_max: 13.5294)
[2025-07-30 23:22:45.893] [866] [HailoRT] [info] [edge_elements.cpp:187] [create] Created (LastAsyncEl0PostInferEl2AsyncHwEl)
[2025-07-30 23:22:45.893] [866] [HailoRT] [info] [queue_elements.cpp:450] [create] Created (PushQEl3AsyncHwEl | timeout: 10s)
[2025-07-30 23:22:45.893] [866] [HailoRT] [info] [filter_elements.cpp:375] [create] Created (PostInferEl3AsyncHwEl | Quantization - src_type: UINT8, dst_type FLOAT32, limvals_min: 0, limvals_max: 1)
[2025-07-30 23:22:45.911] [866] [HailoRT] [info] [edge_elements.cpp:187] [create] Created (LastAsyncEl0PostInferEl3AsyncHwEl)
[2025-07-30 23:22:45.911] [866] [HailoRT] [info] [queue_elements.cpp:450] [create] Created (PushQEl8AsyncHwEl | timeout: 10s)
[2025-07-30 23:22:45.911] [866] [HailoRT] [info] [filter_elements.cpp:375] [create] Created (PostInferEl8AsyncHwEl | Quantization - src_type: UINT8, dst_type FLOAT32, limvals_min: -5.99066, limvals_max: 14.9356)
[2025-07-30 23:22:45.911] [866] [HailoRT] [info] [edge_elements.cpp:187] [create] Created (LastAsyncEl0PostInferEl8AsyncHwEl)
[2025-07-30 23:22:45.911] [866] [HailoRT] [info] [queue_elements.cpp:450] [create] Created (PushQEl6AsyncHwEl | timeout: 10s)
[2025-07-30 23:22:45.911] [866] [HailoRT] [info] [filter_elements.cpp:375] [create] Created (PostInferEl6AsyncHwEl | Quantization - src_type: UINT8, dst_type FLOAT32, limvals_min: 0, limvals_max: 1)
[2025-07-30 23:22:45.911] [866] [HailoRT] [info] [edge_elements.cpp:187] [create] Created (LastAsyncEl0PostInferEl6AsyncHwEl)
[2025-07-30 23:22:45.911] [866] [HailoRT] [info] [queue_elements.cpp:450] [create] Created (PushQEl7AsyncHwEl | timeout: 10s)
[2025-07-30 23:22:45.911] [866] [HailoRT] [info] [filter_elements.cpp:375] [create] Created (PostInferEl7AsyncHwEl | Quantization - src_type: UINT16, dst_type FLOAT32, limvals_min: -9.28198, limvals_max: 6.23313 | Reorder - src_order: FCR, src_shape: (80, 80, 56), dst_order: FCR, dst_shape: (80, 80, 51))
[2025-07-30 23:22:45.911] [866] [HailoRT] [info] [edge_elements.cpp:187] [create] Created (LastAsyncEl0PostInferEl7AsyncHwEl)
[2025-07-30 23:22:45.911] [866] [HailoRT] [info] [pipeline.cpp:891] [print_deep_description] EntryPushQEl0yolov8m_pose/input_layer1 | inputs: user | outputs: AsyncHwEl(running in thread_id: 1663)
[2025-07-30 23:22:45.918] [866] [HailoRT] [info] [pipeline.cpp:891] [print_deep_description] AsyncHwEl | inputs: EntryPushQEl0yolov8m_pose/input_layer1[0] | outputs: PushQEl0AsyncHwEl PushQEl1AsyncHwEl PushQEl2AsyncHwEl PushQEl3AsyncHwEl PushQEl4AsyncHwEl PushQEl5AsyncHwEl PushQEl6AsyncHwEl PushQEl7AsyncHwEl PushQEl8AsyncHwEl
[2025-07-30 23:22:45.918] [866] [HailoRT] [info] [pipeline.cpp:891] [print_deep_description] PushQEl0AsyncHwEl | inputs: AsyncHwEl[0] | outputs: PostInferEl0AsyncHwEl(running in thread_id: 1666)
[2025-07-30 23:22:45.918] [866] [HailoRT] [info] [pipeline.cpp:891] [print_deep_description] PostInferEl0AsyncHwEl | inputs: PushQEl0AsyncHwEl[0] | outputs: LastAsyncEl0PostInferEl0AsyncHwEl
[2025-07-30 23:22:45.918] [866] [HailoRT] [info] [pipeline.cpp:891] [print_deep_description] LastAsyncEl0PostInferEl0AsyncHwEl | inputs: PostInferEl0AsyncHwEl[0] | outputs: user
[2025-07-30 23:22:45.918] [866] [HailoRT] [info] [pipeline.cpp:891] [print_deep_description] PushQEl1AsyncHwEl | inputs: AsyncHwEl[0] | outputs: PostInferEl1AsyncHwEl(running in thread_id: 1667)
[2025-07-30 23:22:45.918] [866] [HailoRT] [info] [pipeline.cpp:891] [print_deep_description] PostInferEl1AsyncHwEl | inputs: PushQEl1AsyncHwEl[0] | outputs: LastAsyncEl0PostInferEl1AsyncHwEl
[2025-07-30 23:22:45.918] [866] [HailoRT] [info] [pipeline.cpp:891] [print_deep_description] LastAsyncEl0PostInferEl1AsyncHwEl | inputs: PostInferEl1AsyncHwEl[0] | outputs: user
[2025-07-30 23:22:45.918] [866] [HailoRT] [info] [pipeline.cpp:891] [print_deep_description] PushQEl2AsyncHwEl | inputs: AsyncHwEl[0] | outputs: PostInferEl2AsyncHwEl(running in thread_id: 1668)
[2025-07-30 23:22:45.918] [866] [HailoRT] [info] [pipeline.cpp:891] [print_deep_description] PostInferEl2AsyncHwEl | inputs: PushQEl2AsyncHwEl[0] | outputs: LastAsyncEl0PostInferEl2AsyncHwEl
[2025-07-30 23:22:45.918] [866] [HailoRT] [info] [pipeline.cpp:891] [print_deep_description] LastAsyncEl0PostInferEl2AsyncHwEl | inputs: PostInferEl2AsyncHwEl[0] | outputs: user
[2025-07-30 23:22:45.918] [866] [HailoRT] [info] [pipeline.cpp:891] [print_deep_description] PushQEl3AsyncHwEl | inputs: AsyncHwEl[0] | outputs: PostInferEl3AsyncHwEl(running in thread_id: 1669)
[2025-07-30 23:22:45.918] [866] [HailoRT] [info] [pipeline.cpp:891] [print_deep_description] PostInferEl3AsyncHwEl | inputs: PushQEl3AsyncHwEl[0] | outputs: LastAsyncEl0PostInferEl3AsyncHwEl
[2025-07-30 23:22:45.918] [866] [HailoRT] [info] [pipeline.cpp:891] [print_deep_description] LastAsyncEl0PostInferEl3AsyncHwEl | inputs: PostInferEl3AsyncHwEl[0] | outputs: user
[2025-07-30 23:22:45.918] [866] [HailoRT] [info] [pipeline.cpp:891] [print_deep_description] PushQEl4AsyncHwEl | inputs: AsyncHwEl[0] | outputs: PostInferEl4AsyncHwEl(running in thread_id: 1664)
[2025-07-30 23:22:45.918] [866] [HailoRT] [info] [pipeline.cpp:891] [print_deep_description] PostInferEl4AsyncHwEl | inputs: PushQEl4AsyncHwEl[0] | outputs: LastAsyncEl0PostInferEl4AsyncHwEl
[2025-07-30 23:22:45.918] [866] [HailoRT] [info] [pipeline.cpp:891] [print_deep_description] LastAsyncEl0PostInferEl4AsyncHwEl | inputs: PostInferEl4AsyncHwEl[0] | outputs: user
[2025-07-30 23:22:45.918] [866] [HailoRT] [info] [pipeline.cpp:891] [print_deep_description] PushQEl5AsyncHwEl | inputs: AsyncHwEl[0] | outputs: PostInferEl5AsyncHwEl(running in thread_id: 1665)
[2025-07-30 23:22:45.918] [866] [HailoRT] [info] [pipeline.cpp:891] [print_deep_description] PostInferEl5AsyncHwEl | inputs: PushQEl5AsyncHwEl[0] | outputs: LastAsyncEl0PostInferEl5AsyncHwEl
[2025-07-30 23:22:45.918] [866] [HailoRT] [info] [pipeline.cpp:891] [print_deep_description] LastAsyncEl0PostInferEl5AsyncHwEl | inputs: PostInferEl5AsyncHwEl[0] | outputs: user
[2025-07-30 23:22:45.918] [866] [HailoRT] [info] [pipeline.cpp:891] [print_deep_description] PushQEl6AsyncHwEl | inputs: AsyncHwEl[0] | outputs: PostInferEl6AsyncHwEl(running in thread_id: 1671)
[2025-07-30 23:22:45.918] [866] [HailoRT] [info] [pipeline.cpp:891] [print_deep_description] PostInferEl6AsyncHwEl | inputs: PushQEl6AsyncHwEl[0] | outputs: LastAsyncEl0PostInferEl6AsyncHwEl
[2025-07-30 23:22:45.918] [866] [HailoRT] [info] [pipeline.cpp:891] [print_deep_description] LastAsyncEl0PostInferEl6AsyncHwEl | inputs: PostInferEl6AsyncHwEl[0] | outputs: user
[2025-07-30 23:22:45.918] [866] [HailoRT] [info] [pipeline.cpp:891] [print_deep_description] PushQEl7AsyncHwEl | inputs: AsyncHwEl[0] | outputs: PostInferEl7AsyncHwEl(running in thread_id: 1672)
[2025-07-30 23:22:45.918] [866] [HailoRT] [info] [pipeline.cpp:891] [print_deep_description] PostInferEl7AsyncHwEl | inputs: PushQEl7AsyncHwEl[0] | outputs: LastAsyncEl0PostInferEl7AsyncHwEl
[2025-07-30 23:22:45.918] [866] [HailoRT] [info] [pipeline.cpp:891] [print_deep_description] LastAsyncEl0PostInferEl7AsyncHwEl | inputs: PostInferEl7AsyncHwEl[0] | outputs: user
[2025-07-30 23:22:45.918] [866] [HailoRT] [info] [pipeline.cpp:891] [print_deep_description] PushQEl8AsyncHwEl | inputs: AsyncHwEl[0] | outputs: PostInferEl8AsyncHwEl(running in thread_id: 1670)
[2025-07-30 23:22:45.918] [866] [HailoRT] [info] [pipeline.cpp:891] [print_deep_description] PostInferEl8AsyncHwEl | inputs: PushQEl8AsyncHwEl[0] | outputs: LastAsyncEl0PostInferEl8AsyncHwEl
[2025-07-30 23:22:45.918] [866] [HailoRT] [info] [pipeline.cpp:891] [print_deep_description] LastAsyncEl0PostInferEl8AsyncHwEl | inputs: PostInferEl8AsyncHwEl[0] | outputs: user
